STO FACENDO LA PROTEINA: protein0.pdb

   TOTAL PHISITE ENERGY (SUM (1/2)(Q)(PHI)):    0.135224E+06
   TOTAL PHISITE ENERGY (SUM (1/2)(Q)(PHI)):    0.136810E+06
ENER>        0  -3475.29152   1481.93151      2.59939
ENER INTERN>      155.49913    402.31737     29.85116    775.04202     16.59680
ENER EXTERN>     -535.64823  -4318.94976      0.00000      0.00000      0.00000
 Total acces. surface     11771.710           11771.710
STO FACENDO LA PROTEINA: protein1.pdb

   TOTAL PHISITE ENERGY (SUM (1/2)(Q)(PHI)):    0.134753E+06
   TOTAL PHISITE ENERGY (SUM (1/2)(Q)(PHI)):    0.136358E+06
ENER>        0  -3421.78666   1483.86391      2.53433
ENER INTERN>      152.86395    405.82446     29.96759    783.13701     16.18305
ENER EXTERN>     -532.57664  -4277.18608      0.00000      0.00000      0.00000
 Total acces. surface     11851.055           11851.055
STO FACENDO LA PROTEINA: protein2.pdb

   TOTAL PHISITE ENERGY (SUM (1/2)(Q)(PHI)):    0.135029E+06
   TOTAL PHISITE ENERGY (SUM (1/2)(Q)(PHI)):    0.136713E+06
ENER>        0  -3312.35304   1380.40790      2.60962
ENER INTERN>      152.26637    406.94966     29.81779    779.49166     17.67124
ENER EXTERN>     -553.89256  -4144.65720      0.00000      0.00000      0.00000
 Total acces. surface     11607.051           11607.051
STO FACENDO LA PROTEINA: protein3.pdb

   TOTAL PHISITE ENERGY (SUM (1/2)(Q)(PHI)):    0.134891E+06
   TOTAL PHISITE ENERGY (SUM (1/2)(Q)(PHI)):    0.136593E+06
ENER>        0  -3298.21955   1363.37536      2.56067
ENER INTERN>      154.06133    411.56070     28.99135    780.67352     17.91978
ENER EXTERN>     -565.77640  -4125.64983      0.00000      0.00000      0.00000
 Total acces. surface     11563.108           11563.108
STO FACENDO LA PROTEINA: protein4.pdb

   TOTAL PHISITE ENERGY (SUM (1/2)(Q)(PHI)):    0.134282E+06
   TOTAL PHISITE ENERGY (SUM (1/2)(Q)(PHI)):    0.135867E+06
ENER>        0  -3480.99915   1506.84968      2.52706
ENER INTERN>      150.69995    402.84972     29.34236    787.75064     18.07534
ENER EXTERN>     -572.68379  -4297.03338      0.00000      0.00000      0.00000
 Total acces. surface     11434.413           11434.413
STO FACENDO LA PROTEINA: protein5.pdb

   TOTAL PHISITE ENERGY (SUM (1/2)(Q)(PHI)):    0.135349E+06
   TOTAL PHISITE ENERGY (SUM (1/2)(Q)(PHI)):    0.136910E+06
ENER>        0  -3529.29799   1512.15953      2.52027
ENER INTERN>      152.52854    406.10869     30.45430    777.69299     16.38601
ENER EXTERN>     -566.49567  -4345.97285      0.00000      0.00000      0.00000
 Total acces. surface     11519.032           11519.032
STO FACENDO LA PROTEINA: protein6.pdb

   TOTAL PHISITE ENERGY (SUM (1/2)(Q)(PHI)):    0.134801E+06
   TOTAL PHISITE ENERGY (SUM (1/2)(Q)(PHI)):    0.136512E+06
ENER>        0  -3316.28942   1412.95592      2.51810
ENER INTERN>      149.86133    402.61201     29.94002    779.01886     16.77689
ENER EXTERN>     -565.87911  -4128.61941      0.00000      0.00000      0.00000
 Total acces. surface     11778.743           11778.743
STO FACENDO LA PROTEINA: protein7.pdb

   TOTAL PHISITE ENERGY (SUM (1/2)(Q)(PHI)):    0.138610E+06
   TOTAL PHISITE ENERGY (SUM (1/2)(Q)(PHI)):    0.140317E+06
ENER>        0  -3309.54005   1361.56965      2.55266
ENER INTERN>      150.47000    406.04588     29.34104    781.10189     15.32357
ENER EXTERN>     -570.85894  -4120.96350      0.00000      0.00000      0.00000
 Total acces. surface     11570.239           11570.239
STO FACENDO LA PROTEINA: protein8.pdb

   TOTAL PHISITE ENERGY (SUM (1/2)(Q)(PHI)):    0.137216E+06
   TOTAL PHISITE ENERGY (SUM (1/2)(Q)(PHI)):    0.138864E+06
ENER>        0  -3344.85321   1414.30970      2.57165
ENER INTERN>      152.53552    405.98114     29.33513    788.69078     17.47084
ENER EXTERN>     -545.49575  -4193.37088      0.00000      0.00000      0.00000
 Total acces. surface     11692.728           11692.728
STO FACENDO LA PROTEINA: protein9.pdb

   TOTAL PHISITE ENERGY (SUM (1/2)(Q)(PHI)):    0.136690E+06
   TOTAL PHISITE ENERGY (SUM (1/2)(Q)(PHI)):    0.138326E+06
ENER>        0  -3446.39073   1427.50019      2.62784
ENER INTERN>      152.46159    402.43874     29.73260    780.97769     16.73329
ENER EXTERN>     -563.32310  -4265.41154      0.00000      0.00000      0.00000
 Total acces. surface     11400.191           11400.191
STO FACENDO LA PROTEINA: protein10.pdb

   TOTAL PHISITE ENERGY (SUM (1/2)(Q)(PHI)):    0.136346E+06
   TOTAL PHISITE ENERGY (SUM (1/2)(Q)(PHI)):    0.138045E+06
ENER>        0  -3283.37410   1380.60265      2.56330
ENER INTERN>      151.66760    413.59807     29.70262    788.01635     17.36309
ENER EXTERN>     -552.25122  -4131.47062      0.00000      0.00000      0.00000
 Total acces. surface     11521.262           11521.262
